android/app/build/intermediates/manifest_merge_blame_file/release/manifest-merger-blame-release-report.txt
1<?xml version="1.0" encoding="utf-8"?>
2<manifest xmlns:android="http://schemas.android.com/apk/res/android"
3    package="com.silx.grize"
4    android:versionCode="1"
5    android:versionName="1.0" >
6
7    <uses-sdk
8        android:minSdkVersion="21"
8-->src\main\AndroidManifest.xml
9        android:targetSdkVersion="31" />
9-->src\main\AndroidManifest.xml
10
11    <uses-permission android:name="android.permission.INTERNET" />
11-->src\main\AndroidManifest.xml:4:5-67
11-->src\main\AndroidManifest.xml:4:22-64
12
13    <application
13-->src\main\AndroidManifest.xml:6:5-27:19
14        android:name="com.silx.grize.MainApplication"
14-->src\main\AndroidManifest.xml:7:7-38
15        android:allowBackup="false"
15-->src\main\AndroidManifest.xml:11:7-34
16        android:appComponentFactory="androidx.core.app.CoreComponentFactory"
16-->[androidx.core:core:1.7.0] AndroidManifest.xml:24:18-86
17        android:icon="@mipmap/ic_launcher"
17-->src\main\AndroidManifest.xml:9:7-41
18        android:label="@string/app_name"
18-->src\main\AndroidManifest.xml:8:7-39
19        android:roundIcon="@mipmap/ic_launcher_round"
19-->src\main\AndroidManifest.xml:10:7-52
20        android:theme="@style/AppTheme"
20-->src\main\AndroidManifest.xml:12:7-38
21        android:usesCleartextTraffic="true" >
21-->src\main\AndroidManifest.xml:13:7-42
22        <activity
22-->src\main\AndroidManifest.xml:15:7-26:18
23            android:name="com.silx.grize.MainActivity"
23-->src\main\AndroidManifest.xml:16:9-37
24            android:configChanges="keyboard|keyboardHidden|orientation|screenLayout|screenSize|smallestScreenSize|uiMode"
24-->src\main\AndroidManifest.xml:18:9-118
25            android:exported="true"
25-->src\main\AndroidManifest.xml:21:9-32
26            android:label="@string/app_name"
26-->src\main\AndroidManifest.xml:17:9-41
27            android:launchMode="singleTask"
27-->src\main\AndroidManifest.xml:19:9-40
28            android:windowSoftInputMode="adjustResize" >
28-->src\main\AndroidManifest.xml:20:9-51
29            <intent-filter>
29-->src\main\AndroidManifest.xml:22:9-25:25
30                <action android:name="android.intent.action.MAIN" />
30-->src\main\AndroidManifest.xml:23:13-65
30-->src\main\AndroidManifest.xml:23:21-62
31
32                <category android:name="android.intent.category.LAUNCHER" />
32-->src\main\AndroidManifest.xml:24:13-73
32-->src\main\AndroidManifest.xml:24:23-70
33            </intent-filter>
34        </activity>
35
36        <provider
36-->[:react-native-webview] AndroidManifest.xml:10:9-18:20
37            android:name="com.reactnativecommunity.webview.RNCWebViewFileProvider"
37-->[:react-native-webview] AndroidManifest.xml:11:13-83
38            android:authorities="com.silx.grize.fileprovider"
38-->[:react-native-webview] AndroidManifest.xml:12:13-64
39            android:exported="false"
39-->[:react-native-webview] AndroidManifest.xml:13:13-37
40            android:grantUriPermissions="true" >
40-->[:react-native-webview] AndroidManifest.xml:14:13-47
41            <meta-data
41-->[:react-native-webview] AndroidManifest.xml:15:13-17:63
42                android:name="android.support.FILE_PROVIDER_PATHS"
42-->[:react-native-webview] AndroidManifest.xml:16:17-67
43                android:resource="@xml/file_provider_paths" />
43-->[:react-native-webview] AndroidManifest.xml:17:17-60
44        </provider>
45        <provider
45-->[com.huawei.agconnect:agconnect-core:1.5.2.300] AndroidManifest.xml:11:9-14:40
46            android:name="com.huawei.agconnect.core.provider.AGConnectInitializeProvider"
46-->[com.huawei.agconnect:agconnect-core:1.5.2.300] AndroidManifest.xml:12:13-90
47            android:authorities="com.silx.grize.AGCInitializeProvider"
47-->[com.huawei.agconnect:agconnect-core:1.5.2.300] AndroidManifest.xml:13:13-73
48            android:exported="false" />
48-->[com.huawei.agconnect:agconnect-core:1.5.2.300] AndroidManifest.xml:14:13-37
49
50        <service
50-->[com.huawei.agconnect:agconnect-core:1.5.2.300] AndroidManifest.xml:16:9-18:40
51            android:name="com.huawei.agconnect.core.ServiceDiscovery"
51-->[com.huawei.agconnect:agconnect-core:1.5.2.300] AndroidManifest.xml:17:13-70
52            android:exported="false" />
52-->[com.huawei.agconnect:agconnect-core:1.5.2.300] AndroidManifest.xml:18:13-37
53
54        <provider
54-->[androidx.emoji2:emoji2:1.0.0] AndroidManifest.xml:26:9-34:20
55            android:name="androidx.startup.InitializationProvider"
55-->[androidx.emoji2:emoji2:1.0.0] AndroidManifest.xml:27:13-67
56            android:authorities="com.silx.grize.androidx-startup"
56-->[androidx.emoji2:emoji2:1.0.0] AndroidManifest.xml:28:13-68
57            android:exported="false" >
57-->[androidx.emoji2:emoji2:1.0.0] AndroidManifest.xml:29:13-37
58            <meta-data
58-->[androidx.emoji2:emoji2:1.0.0] AndroidManifest.xml:31:13-33:52
59                android:name="androidx.emoji2.text.EmojiCompatInitializer"
59-->[androidx.emoji2:emoji2:1.0.0] AndroidManifest.xml:32:17-75
60                android:value="androidx.startup" />
60-->[androidx.emoji2:emoji2:1.0.0] AndroidManifest.xml:33:17-49
61            <meta-data
61-->[androidx.lifecycle:lifecycle-process:2.4.0] AndroidManifest.xml:31:13-33:52
62                android:name="androidx.lifecycle.ProcessLifecycleInitializer"
62-->[androidx.lifecycle:lifecycle-process:2.4.0] AndroidManifest.xml:32:17-78
63                android:value="androidx.startup" />
63-->[androidx.lifecycle:lifecycle-process:2.4.0] AndroidManifest.xml:33:17-49
64        </provider>
65    </application>
66
67</manifest>